<?xml version="1.0" encoding="UTF-8"?>
<!-- Generated by org.testng.reporters.JUnitXMLReporter -->
<testsuite hostname="RajKumar" ignored="0" name="Default test" tests="4" failures="0" timestamp="2022-08-12T16:31:58 IST" time="54.983" errors="0">
  <testcase name="launchbrowser" time="23.755" classname="demologin.Logintest_using_array"/>
  <testcase name="launchbrowser" time="10.831" classname="demologin.Logintest_using_array"/>
  <testcase name="launchbrowser" time="10.936" classname="demologin.Logintest_using_array"/>
  <testcase name="launchbrowser" time="9.294" classname="demologin.Logintest_using_array"/>
</testsuite> <!-- Default test -->
