<?xml version="1.0" encoding="UTF-8"?>
<!-- Generated by org.testng.reporters.JUnitXMLReporter -->
<testsuite hostname="RajKumar" ignored="0" name="Default test" tests="4" failures="0" timestamp="2022-07-18T13:20:24 IST" time="43.159" errors="0">
  <testcase name="launchbrowser" time="13.106" classname="demologin.Logintest_using_array"/>
  <testcase name="launchbrowser" time="10.287" classname="demologin.Logintest_using_array"/>
  <testcase name="launchbrowser" time="10.49" classname="demologin.Logintest_using_array"/>
  <testcase name="launchbrowser" time="9.125" classname="demologin.Logintest_using_array"/>
</testsuite> <!-- Default test -->
