<?xml version="1.0" encoding="UTF-8"?>
<testng-results skipped="0" failed="0" ignored="0" total="4" passed="4">
  <reporter-output>
  </reporter-output>
  <suite name="Default suite" duration-ms="54983" started-at="2022-08-12T16:31:03 IST" finished-at="2022-08-12T16:31:58 IST">
    <groups>
    </groups>
    <test name="Default test" duration-ms="54983" started-at="2022-08-12T16:31:03 IST" finished-at="2022-08-12T16:31:58 IST">
      <class name="demologin.Logintest_using_array">
        <test-method status="PASS" signature="launchbrowser(java.lang.String,java.lang.String)[pri:0, instance:demologin.Logintest_using_array@171c76a]" name="launchbrowser" duration-ms="23755" started-at="2022-08-12T16:31:03 IST" data-provider="matrixlogindata" finished-at="2022-08-12T16:31:27 IST">
          <params>
            <param index="0">
              <value>
                <![CDATA[Admin]]>
              </value>
            </param>
            <param index="1">
              <value>
                <![CDATA[admin]]>
              </value>
            </param>
          </params>
          <reporter-output>
          </reporter-output>
        </test-method> <!-- launchbrowser -->
        <test-method status="PASS" signature="launchbrowser(java.lang.String,java.lang.String)[pri:0, instance:demologin.Logintest_using_array@171c76a]" name="launchbrowser" duration-ms="10831" started-at="2022-08-12T16:31:27 IST" data-provider="matrixlogindata" finished-at="2022-08-12T16:31:38 IST">
          <params>
            <param index="0">
              <value>
                <![CDATA[Admin1]]>
              </value>
            </param>
            <param index="1">
              <value>
                <![CDATA[admin123]]>
              </value>
            </param>
          </params>
          <reporter-output>
          </reporter-output>
        </test-method> <!-- launchbrowser -->
        <test-method status="PASS" signature="launchbrowser(java.lang.String,java.lang.String)[pri:0, instance:demologin.Logintest_using_array@171c76a]" name="launchbrowser" duration-ms="10936" started-at="2022-08-12T16:31:38 IST" data-provider="matrixlogindata" finished-at="2022-08-12T16:31:48 IST">
          <params>
            <param index="0">
              <value>
                <![CDATA[Admin1]]>
              </value>
            </param>
            <param index="1">
              <value>
                <![CDATA[admin]]>
              </value>
            </param>
          </params>
          <reporter-output>
          </reporter-output>
        </test-method> <!-- launchbrowser -->
        <test-method status="PASS" signature="launchbrowser(java.lang.String,java.lang.String)[pri:0, instance:demologin.Logintest_using_array@171c76a]" name="launchbrowser" duration-ms="9294" started-at="2022-08-12T16:31:48 IST" data-provider="matrixlogindata" finished-at="2022-08-12T16:31:58 IST">
          <params>
            <param index="0">
              <value>
                <![CDATA[]]>
              </value>
            </param>
            <param index="1">
              <value>
                <![CDATA[]]>
              </value>
            </param>
          </params>
          <reporter-output>
          </reporter-output>
        </test-method> <!-- launchbrowser -->
      </class> <!-- demologin.Logintest_using_array -->
    </test> <!-- Default test -->
  </suite> <!-- Default suite -->
</testng-results>
