<?xml version="1.0" encoding="UTF-8"?>
<testng-results skipped="0" failed="0" ignored="0" total="4" passed="4">
  <reporter-output>
  </reporter-output>
  <suite name="Default suite" duration-ms="43159" started-at="2022-07-18T13:19:41 IST" finished-at="2022-07-18T13:20:24 IST">
    <groups>
    </groups>
    <test name="Default test" duration-ms="43159" started-at="2022-07-18T13:19:41 IST" finished-at="2022-07-18T13:20:24 IST">
      <class name="demologin.Logintest_using_array">
        <test-method status="PASS" signature="launchbrowser(java.lang.String,java.lang.String)[pri:0, instance:demologin.Logintest_using_array@171c76a]" name="launchbrowser" duration-ms="13106" started-at="2022-07-18T13:19:41 IST" data-provider="matrixlogindata" finished-at="2022-07-18T13:19:54 IST">
          <params>
            <param index="0">
              <value>
                <![CDATA[Admin]]>
              </value>
            </param>
            <param index="1">
              <value>
                <![CDATA[admin]]>
              </value>
            </param>
          </params>
          <reporter-output>
          </reporter-output>
        </test-method> <!-- launchbrowser -->
        <test-method status="PASS" signature="launchbrowser(java.lang.String,java.lang.String)[pri:0, instance:demologin.Logintest_using_array@171c76a]" name="launchbrowser" duration-ms="10287" started-at="2022-07-18T13:19:54 IST" data-provider="matrixlogindata" finished-at="2022-07-18T13:20:05 IST">
          <params>
            <param index="0">
              <value>
                <![CDATA[Admin1]]>
              </value>
            </param>
            <param index="1">
              <value>
                <![CDATA[admin123]]>
              </value>
            </param>
          </params>
          <reporter-output>
          </reporter-output>
        </test-method> <!-- launchbrowser -->
        <test-method status="PASS" signature="launchbrowser(java.lang.String,java.lang.String)[pri:0, instance:demologin.Logintest_using_array@171c76a]" name="launchbrowser" duration-ms="10490" started-at="2022-07-18T13:20:05 IST" data-provider="matrixlogindata" finished-at="2022-07-18T13:20:15 IST">
          <params>
            <param index="0">
              <value>
                <![CDATA[Admin1]]>
              </value>
            </param>
            <param index="1">
              <value>
                <![CDATA[admin]]>
              </value>
            </param>
          </params>
          <reporter-output>
          </reporter-output>
        </test-method> <!-- launchbrowser -->
        <test-method status="PASS" signature="launchbrowser(java.lang.String,java.lang.String)[pri:0, instance:demologin.Logintest_using_array@171c76a]" name="launchbrowser" duration-ms="9125" started-at="2022-07-18T13:20:15 IST" data-provider="matrixlogindata" finished-at="2022-07-18T13:20:24 IST">
          <params>
            <param index="0">
              <value>
                <![CDATA[]]>
              </value>
            </param>
            <param index="1">
              <value>
                <![CDATA[]]>
              </value>
            </param>
          </params>
          <reporter-output>
          </reporter-output>
        </test-method> <!-- launchbrowser -->
      </class> <!-- demologin.Logintest_using_array -->
    </test> <!-- Default test -->
  </suite> <!-- Default suite -->
</testng-results>
